<?xml version="1.0" encoding="UTF-8"?>
<testng-results ignored="0" total="1" passed="1" failed="0" skipped="0">
  <reporter-output>
    <line>
      <![CDATA[Open Browser]]>
    </line>
    <line>
      <![CDATA[Log In]]>
    </line>
    <line>
      <![CDATA[Create Customer]]>
    </line>
    <line>
      <![CDATA[Log Out]]>
    </line>
    <line>
      <![CDATA[Close Browser]]>
    </line>
  </reporter-output>
  <suite started-at="2023-08-04T15:40:10 IST" name="Default suite" finished-at="2023-08-04T15:40:39 IST" duration-ms="28528">
    <groups>
    </groups>
    <test started-at="2023-08-04T15:40:10 IST" name="Default test" finished-at="2023-08-04T15:40:39 IST" duration-ms="28528">
      <class name="com.actitime.testscripts.CustomerModule">
        <test-method is-config="true" signature="openBrowser()[pri:0, instance:com.actitime.testscripts.CustomerModule@158da8e]" started-at="2023-08-04T15:40:10 IST" name="openBrowser" finished-at="2023-08-04T15:40:28 IST" duration-ms="17666" status="PASS">
          <reporter-output>
            <line>
              <![CDATA[Open Browser]]>
            </line>
          </reporter-output>
        </test-method> <!-- openBrowser -->
        <test-method is-config="true" signature="login()[pri:0, instance:com.actitime.testscripts.CustomerModule@158da8e]" started-at="2023-08-04T15:40:28 IST" name="login" finished-at="2023-08-04T15:40:28 IST" duration-ms="1" status="PASS">
          <reporter-output>
            <line>
              <![CDATA[Log In]]>
            </line>
          </reporter-output>
        </test-method> <!-- login -->
        <test-method signature="testCreateCustomer()[pri:0, instance:com.actitime.testscripts.CustomerModule@158da8e]" started-at="2023-08-04T15:40:28 IST" name="testCreateCustomer" finished-at="2023-08-04T15:40:38 IST" duration-ms="10381" status="PASS">
          <reporter-output>
            <line>
              <![CDATA[Create Customer]]>
            </line>
          </reporter-output>
        </test-method> <!-- testCreateCustomer -->
        <test-method is-config="true" signature="logOut()[pri:0, instance:com.actitime.testscripts.CustomerModule@158da8e]" started-at="2023-08-04T15:40:38 IST" name="logOut" finished-at="2023-08-04T15:40:38 IST" duration-ms="1" status="PASS">
          <reporter-output>
            <line>
              <![CDATA[Log Out]]>
            </line>
          </reporter-output>
        </test-method> <!-- logOut -->
        <test-method is-config="true" signature="closeBrowser()[pri:0, instance:com.actitime.testscripts.CustomerModule@158da8e]" started-at="2023-08-04T15:40:38 IST" name="closeBrowser" finished-at="2023-08-04T15:40:39 IST" duration-ms="403" status="PASS">
          <reporter-output>
            <line>
              <![CDATA[Close Browser]]>
            </line>
          </reporter-output>
        </test-method> <!-- closeBrowser -->
      </class> <!-- com.actitime.testscripts.CustomerModule -->
    </test> <!-- Default test -->
  </suite> <!-- Default suite -->
</testng-results>
